[0.000000] (-) TimerEvent: {}
[0.000158] (my_ros2_package) JobQueued: {'identifier': 'my_ros2_package', 'dependencies': OrderedDict()}
[0.000495] (my_ros2_package) JobStarted: {'identifier': 'my_ros2_package'}
[0.100043] (-) TimerEvent: {}
[0.200336] (-) TimerEvent: {}
[0.301052] (-) TimerEvent: {}
[0.354091] (my_ros2_package) Command: {'cmd': ['/usr/bin/python3', '-W', 'ignore:setup.py install is deprecated', '-W', 'ignore:easy_install command is deprecated', 'setup.py', 'develop', '--editable', '--build-directory', '/ros2_ws/build/my_ros2_package/build', '--no-deps', 'symlink_data'], 'cwd': '/ros2_ws/build/my_ros2_package', 'env': {'HOSTNAME': 'Senne-Laptop', 'SHLVL': '1', 'LD_LIBRARY_PATH': '/opt/ros/humble/lib/x86_64-linux-gnu:/opt/ros/humble/lib', 'HOME': '/root', 'OLDPWD': '/ros2_ws', 'ROS_PYTHON_VERSION': '3', 'ROS_DISTRO': 'humble', '_': '/usr/bin/colcon', 'ROS_VERSION': '2', 'TERM': 'xterm', 'ROS_LOCALHOST_ONLY': '0', 'QT_X11_NO_MITSHM': '1', 'PATH': '/opt/ros/humble/bin:/usr/local/sbin:/usr/local/bin:/usr/sbin:/usr/bin:/sbin:/bin', 'DISPLAY': ':0', 'LANG': 'C.UTF-8', 'AMENT_PREFIX_PATH': '/opt/ros/humble', 'PWD': '/ros2_ws/build/my_ros2_package', 'LC_ALL': 'C.UTF-8', 'PYTHONPATH': '/ros2_ws/build/my_ros2_package/prefix_override:/usr/lib/python3/dist-packages/colcon_core/task/python/colcon_distutils_commands:/ros2_ws/install/my_ros2_package/lib/python3.10/site-packages:/opt/ros/humble/lib/python3.10/site-packages:/opt/ros/humble/local/lib/python3.10/dist-packages', 'COLCON': '1'}, 'shell': False}
[0.401149] (-) TimerEvent: {}
[0.501369] (-) TimerEvent: {}
[0.506422] (my_ros2_package) StdoutLine: {'line': b'running develop\n'}
[0.572097] (my_ros2_package) StdoutLine: {'line': b'running egg_info\n'}
[0.572314] (my_ros2_package) StdoutLine: {'line': b'writing my_ros2_package.egg-info/PKG-INFO\n'}
[0.572441] (my_ros2_package) StdoutLine: {'line': b'writing dependency_links to my_ros2_package.egg-info/dependency_links.txt\n'}
[0.572545] (my_ros2_package) StdoutLine: {'line': b'writing entry points to my_ros2_package.egg-info/entry_points.txt\n'}
[0.572635] (my_ros2_package) StdoutLine: {'line': b'writing requirements to my_ros2_package.egg-info/requires.txt\n'}
[0.572737] (my_ros2_package) StdoutLine: {'line': b'writing top-level names to my_ros2_package.egg-info/top_level.txt\n'}
[0.573869] (my_ros2_package) StdoutLine: {'line': b"reading manifest file 'my_ros2_package.egg-info/SOURCES.txt'\n"}
[0.574427] (my_ros2_package) StdoutLine: {'line': b"writing manifest file 'my_ros2_package.egg-info/SOURCES.txt'\n"}
[0.575359] (my_ros2_package) StdoutLine: {'line': b'running build_ext\n'}
[0.575507] (my_ros2_package) StdoutLine: {'line': b'Creating /ros2_ws/install/my_ros2_package/lib/python3.10/site-packages/my-ros2-package.egg-link (link to .)\n'}
[0.576158] (my_ros2_package) StdoutLine: {'line': b'Installing navigation_node script to /ros2_ws/install/my_ros2_package/lib/my_ros2_package\n'}
[0.576312] (my_ros2_package) StdoutLine: {'line': b'Installing segmentation_node script to /ros2_ws/install/my_ros2_package/lib/my_ros2_package\n'}
[0.576502] (my_ros2_package) StdoutLine: {'line': b'\n'}
[0.576573] (my_ros2_package) StdoutLine: {'line': b'Installed /ros2_ws/build/my_ros2_package\n'}
[0.576650] (my_ros2_package) StdoutLine: {'line': b'running symlink_data\n'}
[0.594629] (my_ros2_package) CommandEnded: {'returncode': 0}
[0.601596] (-) TimerEvent: {}
[0.604194] (my_ros2_package) JobEnded: {'identifier': 'my_ros2_package', 'rc': 0}
[0.604746] (-) EventReactorShutdown: {}
